<?xml version="1.0" encoding="UTF-8"?>
<!-- Generated by org.testng.reporters.JUnitReportReporter -->
<testsuite hostname="DESKTOP-Q55EH8A" failures="0" tests="2" name="academy.SeleniumTest" time="0.001" errors="0" timestamp="2022-07-10T13:32:49 IST" skipped="0">
  <testcase classname="academy.SeleniumTest" name="BrowserAutomation" time="0.001"/>
  <system-out/>
  <testcase classname="academy.SeleniumTest" name="elementsUI" time="0.000"/>
  <system-out/>
</testsuite> <!-- academy.SeleniumTest -->
