<?xml version="1.0" encoding="UTF-8"?>
<!-- Generated by org.testng.reporters.JUnitReportReporter -->
<testsuite hostname="DESKTOP-Q55EH8A" failures="0" tests="2" name="academy.AppiumTest" time="0.004" errors="0" timestamp="2022-07-10T13:32:49 IST" skipped="0">
  <testcase classname="academy.AppiumTest" name="NativeAppAndroid" time="0.000"/>
  <system-out/>
  <testcase classname="academy.AppiumTest" name="IOSApps" time="0.004"/>
  <system-out/>
</testsuite> <!-- academy.AppiumTest -->
